<?xml version="1.0" encoding="UTF-8"?>
<!-- Generated by org.testng.reporters.JUnitReportReporter -->
<testsuite hostname="LTIN-APLC02FW2RKMD6M" failures="0" tests="1" name="exampleMaven.Sample" time="5.916" errors="0" timestamp="2024-09-01T15:02:41 IST" skipped="0">
  <testcase classname="exampleMaven.Sample" name="exmple" time="5.916"/>
</testsuite> <!-- exampleMaven.Sample -->
